{"numFailedTestSuites":0,"numFailedTests":0,"numPassedTestSuites":1,"numPassedTests":3,"numPendingTestSuites":0,"numPendingTests":0,"numRuntimeErrorTestSuites":0,"numTodoTests":0,"numTotalTestSuites":1,"numTotalTests":3,"openHandles":[],"snapshot":{"added":0,"didUpdate":false,"failure":false,"filesAdded":0,"filesRemoved":0,"filesUnmatched":0,"filesUpdated":0,"matched":0,"total":0,"unchecked":0,"uncheckedKeysByFile":[],"unmatched":0,"updated":0},"startTime":1575492144716,"success":true,"testResults":[{"failureMessage":null,"numFailingTests":0,"numPassingTests":3,"numPendingTests":0,"numTodoTests":0,"perfStats":{"end":1575492151638,"start":1575492146707},"snapshot":{"added":0,"fileDeleted":false,"matched":0,"unchecked":0,"unmatched":0,"updated":0,"uncheckedKeys":[]},"testFilePath":"C:\\Users\\ADMIN\\Documents\\code\\lessons\\mobx1-lesson-exercises-ex-noam-lior\\.hg\\exercises\\ex-3.test.js","testResults":[{"ancestorTitles":["exercise 3"],"duration":6,"failureMessages":[],"fullName":"exercise 3 The store should have an editItem function that edits the location of a given item","location":null,"numPassingAsserts":0,"status":"passed","title":"The store should have an editItem function that edits the location of a given item"},{"ancestorTitles":["exercise 3"],"duration":2,"failureMessages":[],"fullName":"exercise 3 editItem function should be a MobX action","location":null,"numPassingAsserts":0,"status":"passed","title":"editItem function should be a MobX action"},{"ancestorTitles":["exercise 3"],"duration":73,"failureMessages":[],"fullName":"exercise 3 The edit button should be rendered per each list item and work on click","location":null,"numPassingAsserts":0,"status":"passed","title":"The edit button should be rendered per each list item and work on click"}],"skipped":false,"leaks":false}],"wasInterrupted":false}